<?xml version="1.0" encoding="UTF-8"?>
<!-- Generated by org.testng.reporters.JUnitReportReporter -->
<testsuite hostname="LAPTOP-523ER982" failures="0" tests="2" name="com.virtusa.testng.tests.HomeTest" time="59.582" errors="0" timestamp="17 Nov 2019 06:59:04 GMT" skipped="0">
  <testcase classname="com.virtusa.testng.tests.HomeTest" name="clickCompanyTab" time="28.985"/>
  <testcase classname="com.virtusa.testng.tests.HomeTest" name="clickContactTab" time="30.597"/>
</testsuite> <!-- com.virtusa.testng.tests.HomeTest -->
