<?xml version="1.0" encoding="UTF-8"?>
<!-- Generated by org.testng.reporters.JUnitReportReporter -->
<testsuite hostname="LAPTOP-523ER982" failures="0" tests="3" name="com.virtusa.testng.tests.CompanyTest" time="130.887" errors="0" timestamp="17 Nov 2019 06:59:04 GMT" skipped="0">
  <testcase classname="com.virtusa.testng.tests.CompanyTest" name="saveCompanyFormWithExcelData" time="37.743"/>
  <testcase classname="com.virtusa.testng.tests.CompanyTest" name="saveCompanyFormWithExcelData" time="55.985"/>
  <testcase classname="com.virtusa.testng.tests.CompanyTest" name="saveCompanyFormWithExcelData" time="37.159"/>
</testsuite> <!-- com.virtusa.testng.tests.CompanyTest -->
