<?xml version="1.0" encoding="UTF-8"?>
<!-- Generated by org.testng.reporters.JUnitReportReporter -->
<testsuite hostname="LAPTOP-523ER982" failures="0" tests="2" name="com.virtusa.testng.tests.LoginTest" time="106.242" errors="0" timestamp="13 Nov 2019 14:06:11 GMT" skipped="0">
  <testcase classname="com.virtusa.testng.tests.LoginTest" name="enterCredentials" time="57.703"/>
  <testcase classname="com.virtusa.testng.tests.LoginTest" name="enterwrongCredentials" time="48.539"/>
</testsuite> <!-- com.virtusa.testng.tests.LoginTest -->
