<?xml version="1.0" encoding="UTF-8"?>
<!-- Generated by org.testng.reporters.JUnitReportReporter -->
<testsuite hostname="LAPTOP-523ER982" failures="0" tests="2" name="com.virtusa.testng.tests.ContactTest" time="69.913" errors="0" timestamp="17 Nov 2019 06:59:04 GMT" skipped="0">
  <testcase classname="com.virtusa.testng.tests.ContactTest" name="feedContactForm" time="35.039"/>
  <testcase classname="com.virtusa.testng.tests.ContactTest" name="feedContactForm" time="34.874"/>
</testsuite> <!-- com.virtusa.testng.tests.ContactTest -->
